{"level":"info","message":"::1 - - [25/Jul/2021:18:17:48 +0000] \"GET / HTTP/1.1\" 200 - \"-\" \"Mozilla/5.0 (Macintosh; Intel Mac OS X 10_15_7) AppleWebKit/537.36 (KHTML, like Gecko) Chrome/91.0.4472.164 Safari/537.36\"","timestamp":"2021-07-25T18:17:48.444Z","metadata":{}}
{"level":"info","message":"::1 - - [25/Jul/2021:18:17:49 +0000] \"GET /favicon.ico HTTP/1.1\" 404 - \"-\" \"Mozilla/5.0 (Macintosh; Intel Mac OS X 10_15_7) AppleWebKit/537.36 (KHTML, like Gecko) Chrome/91.0.4472.164 Safari/537.36\"","timestamp":"2021-07-25T18:17:49.498Z","metadata":{}}
{"level":"info","message":"::1 - - [25/Jul/2021:18:18:07 +0000] \"GET /players/schema HTTP/1.1\" 404 - \"-\" \"Mozilla/5.0 (Macintosh; Intel Mac OS X 10_15_7) AppleWebKit/537.36 (KHTML, like Gecko) Chrome/91.0.4472.164 Safari/537.36\"","timestamp":"2021-07-25T18:18:07.426Z","metadata":{}}
{"level":"info","message":"::1 - - [25/Jul/2021:18:18:32 +0000] \"GET /players/schema HTTP/1.1\" 404 - \"-\" \"Mozilla/5.0 (Macintosh; Intel Mac OS X 10_15_7) AppleWebKit/537.36 (KHTML, like Gecko) Chrome/91.0.4472.164 Safari/537.36\"","timestamp":"2021-07-25T18:18:32.429Z","metadata":{}}
{"level":"info","message":"::1 - - [25/Jul/2021:18:18:49 +0000] \"GET /players HTTP/1.1\" 404 - \"-\" \"Mozilla/5.0 (Macintosh; Intel Mac OS X 10_15_7) AppleWebKit/537.36 (KHTML, like Gecko) Chrome/91.0.4472.164 Safari/537.36\"","timestamp":"2021-07-25T18:18:49.004Z","metadata":{}}
{"level":"info","message":"::1 - - [25/Jul/2021:18:20:52 +0000] \"GET /v1/players HTTP/1.1\" 200 85 \"-\" \"Mozilla/5.0 (Macintosh; Intel Mac OS X 10_15_7) AppleWebKit/537.36 (KHTML, like Gecko) Chrome/91.0.4472.164 Safari/537.36\"","timestamp":"2021-07-25T18:20:52.531Z","metadata":{}}
{"level":"info","message":"::1 - - [25/Jul/2021:18:20:57 +0000] \"GET /v1/players/schema HTTP/1.1\" 200 85 \"-\" \"Mozilla/5.0 (Macintosh; Intel Mac OS X 10_15_7) AppleWebKit/537.36 (KHTML, like Gecko) Chrome/91.0.4472.164 Safari/537.36\"","timestamp":"2021-07-25T18:20:57.120Z","metadata":{}}
{"level":"info","message":"::1 - - [25/Jul/2021:18:20:59 +0000] \"GET /v1/players/schemad HTTP/1.1\" 200 85 \"-\" \"Mozilla/5.0 (Macintosh; Intel Mac OS X 10_15_7) AppleWebKit/537.36 (KHTML, like Gecko) Chrome/91.0.4472.164 Safari/537.36\"","timestamp":"2021-07-25T18:20:59.928Z","metadata":{}}
{"level":"info","message":"::1 - - [25/Jul/2021:18:21:02 +0000] \"GET /v1/players/schemas HTTP/1.1\" 200 85 \"-\" \"Mozilla/5.0 (Macintosh; Intel Mac OS X 10_15_7) AppleWebKit/537.36 (KHTML, like Gecko) Chrome/91.0.4472.164 Safari/537.36\"","timestamp":"2021-07-25T18:21:02.157Z","metadata":{}}
{"level":"info","message":"::1 - - [25/Jul/2021:18:22:29 +0000] \"GET /v1/players/schemas HTTP/1.1\" 304 - \"-\" \"Mozilla/5.0 (Macintosh; Intel Mac OS X 10_15_7) AppleWebKit/537.36 (KHTML, like Gecko) Chrome/91.0.4472.164 Safari/537.36\"","timestamp":"2021-07-25T18:22:29.955Z","metadata":{}}
{"level":"info","message":"::1 - - [25/Jul/2021:18:22:32 +0000] \"GET /v1/players/schema HTTP/1.1\" 200 845 \"-\" \"Mozilla/5.0 (Macintosh; Intel Mac OS X 10_15_7) AppleWebKit/537.36 (KHTML, like Gecko) Chrome/91.0.4472.164 Safari/537.36\"","timestamp":"2021-07-25T18:22:32.260Z","metadata":{}}
{"level":"info","message":"::1 - - [25/Jul/2021:18:23:14 +0000] \"GET /v1/players/schema HTTP/1.1\" 200 845 \"-\" \"Mozilla/5.0 (Macintosh; Intel Mac OS X 10_15_7) AppleWebKit/537.36 (KHTML, like Gecko) Chrome/91.0.4472.164 Safari/537.36\"","timestamp":"2021-07-25T18:23:14.238Z","metadata":{}}
{"level":"info","message":"::1 - - [25/Jul/2021:18:27:35 +0000] \"GET / HTTP/1.1\" 200 - \"-\" \"Mozilla/5.0 (Macintosh; Intel Mac OS X 10_15_7) AppleWebKit/537.36 (KHTML, like Gecko) Chrome/91.0.4472.164 Safari/537.36\"","timestamp":"2021-07-25T18:27:35.520Z","metadata":{}}
{"level":"info","message":"::1 - admin [25/Jul/2021:18:51:51 +0000] \"POST /v1/players HTTP/1.1\" 400 - \"-\" \"PostmanRuntime/7.26.8\"","timestamp":"2021-07-25T18:51:51.798Z","metadata":{}}
{"level":"info","message":"::1 - admin [25/Jul/2021:18:52:25 +0000] \"POST /v1/players HTTP/1.1\" 400 - \"-\" \"PostmanRuntime/7.26.8\"","timestamp":"2021-07-25T18:52:25.623Z","metadata":{}}
{"level":"info","message":"::1 - admin [25/Jul/2021:18:54:00 +0000] \"POST /v1/players HTTP/1.1\" 201 254 \"-\" \"PostmanRuntime/7.26.8\"","timestamp":"2021-07-25T18:54:00.580Z","metadata":{}}
{"level":"info","message":"::1 - admin [25/Jul/2021:18:55:50 +0000] \"POST /v1/players HTTP/1.1\" 201 254 \"-\" \"PostmanRuntime/7.26.8\"","timestamp":"2021-07-25T18:55:50.723Z","metadata":{}}
{"level":"info","message":"::1 - admin [25/Jul/2021:18:57:54 +0000] \"POST /v1/players HTTP/1.1\" 400 - \"-\" \"PostmanRuntime/7.26.8\"","timestamp":"2021-07-25T18:57:54.609Z","metadata":{}}
{"level":"info","message":"::1 - admin [25/Jul/2021:18:59:14 +0000] \"POST /v1/players HTTP/1.1\" 201 256 \"-\" \"PostmanRuntime/7.26.8\"","timestamp":"2021-07-25T18:59:14.230Z","metadata":{}}
{"level":"info","message":"::1 - admin [25/Jul/2021:18:59:34 +0000] \"POST /v1/players HTTP/1.1\" 400 - \"-\" \"PostmanRuntime/7.26.8\"","timestamp":"2021-07-25T18:59:34.514Z","metadata":{}}
{"level":"info","message":"::1 - admin [25/Jul/2021:19:13:06 +0000] \"POST /v1/players HTTP/1.1\" 201 259 \"-\" \"PostmanRuntime/7.26.8\"","timestamp":"2021-07-25T19:13:06.505Z","metadata":{}}
{"level":"info","message":"::1 - admin [25/Jul/2021:19:22:03 +0000] \"POST /v1/players HTTP/1.1\" 201 259 \"-\" \"PostmanRuntime/7.26.8\"","timestamp":"2021-07-25T19:22:03.743Z","metadata":{}}
{"level":"info","message":"::1 - admin [25/Jul/2021:19:24:30 +0000] \"POST /v1/players HTTP/1.1\" 400 - \"-\" \"PostmanRuntime/7.26.8\"","timestamp":"2021-07-25T19:24:30.564Z","metadata":{}}
{"level":"info","message":"::1 - admin [25/Jul/2021:19:25:20 +0000] \"POST /v1/players HTTP/1.1\" 400 - \"-\" \"PostmanRuntime/7.26.8\"","timestamp":"2021-07-25T19:25:20.673Z","metadata":{}}
{"level":"info","message":"::1 - admin [25/Jul/2021:19:30:21 +0000] \"POST /v1/players HTTP/1.1\" 400 - \"-\" \"PostmanRuntime/7.26.8\"","timestamp":"2021-07-25T19:30:21.690Z","metadata":{}}
{"level":"info","message":"::1 - admin [25/Jul/2021:19:36:05 +0000] \"POST /v1/players HTTP/1.1\" 400 - \"-\" \"PostmanRuntime/7.26.8\"","timestamp":"2021-07-25T19:36:05.892Z","metadata":{}}
{"level":"info","message":"::1 - admin [25/Jul/2021:19:40:41 +0000] \"POST /v1/players HTTP/1.1\" 400 - \"-\" \"PostmanRuntime/7.26.8\"","timestamp":"2021-07-25T19:40:41.315Z","metadata":{}}
{"level":"info","message":"::1 - admin [25/Jul/2021:19:44:05 +0000] \"POST /v1/players HTTP/1.1\" 400 - \"-\" \"PostmanRuntime/7.26.8\"","timestamp":"2021-07-25T19:44:06.014Z","metadata":{}}
{"level":"info","message":"::1 - admin [25/Jul/2021:19:45:01 +0000] \"POST /v1/players HTTP/1.1\" 400 - \"-\" \"PostmanRuntime/7.26.8\"","timestamp":"2021-07-25T19:45:01.742Z","metadata":{}}
{"level":"info","message":"::1 - admin [25/Jul/2021:19:54:10 +0000] \"POST /v1/players HTTP/1.1\" 400 - \"-\" \"PostmanRuntime/7.26.8\"","timestamp":"2021-07-25T19:54:11.021Z","metadata":{}}
{"level":"info","message":"::1 - admin [25/Jul/2021:19:55:45 +0000] \"POST /v1/players HTTP/1.1\" 201 256 \"-\" \"PostmanRuntime/7.26.8\"","timestamp":"2021-07-25T19:55:45.976Z","metadata":{}}
{"level":"info","message":"::1 - admin [25/Jul/2021:19:58:33 +0000] \"POST /v1/players HTTP/1.1\" 400 - \"-\" \"PostmanRuntime/7.26.8\"","timestamp":"2021-07-25T19:58:33.665Z","metadata":{}}
{"level":"info","message":"::1 - admin [25/Jul/2021:19:59:39 +0000] \"POST /v1/players HTTP/1.1\" 400 - \"-\" \"PostmanRuntime/7.26.8\"","timestamp":"2021-07-25T19:59:39.652Z","metadata":{}}
{"level":"info","message":"::1 - admin [25/Jul/2021:20:01:13 +0000] \"POST /v1/players HTTP/1.1\" 400 - \"-\" \"PostmanRuntime/7.26.8\"","timestamp":"2021-07-25T20:01:13.888Z","metadata":{}}
{"level":"info","message":"::1 - admin [25/Jul/2021:20:02:12 +0000] \"POST /v1/players HTTP/1.1\" 400 - \"-\" \"PostmanRuntime/7.26.8\"","timestamp":"2021-07-25T20:02:12.221Z","metadata":{}}
{"level":"info","message":"::1 - admin [25/Jul/2021:20:03:12 +0000] \"POST /v1/players HTTP/1.1\" 201 256 \"-\" \"PostmanRuntime/7.26.8\"","timestamp":"2021-07-25T20:03:12.896Z","metadata":{}}
{"level":"info","message":"::1 - admin [25/Jul/2021:20:08:20 +0000] \"POST /v1/players HTTP/1.1\" 400 - \"-\" \"PostmanRuntime/7.26.8\"","timestamp":"2021-07-25T20:08:20.620Z","metadata":{}}
{"level":"info","message":"::1 - admin [25/Jul/2021:20:10:55 +0000] \"POST /v1/players HTTP/1.1\" 400 - \"-\" \"PostmanRuntime/7.26.8\"","timestamp":"2021-07-25T20:10:56.023Z","metadata":{}}
{"level":"info","message":"::1 - admin [25/Jul/2021:20:13:09 +0000] \"POST /v1/players HTTP/1.1\" 400 - \"-\" \"PostmanRuntime/7.26.8\"","timestamp":"2021-07-25T20:13:09.063Z","metadata":{}}
{"level":"info","message":"::1 - admin [25/Jul/2021:20:14:13 +0000] \"POST /v1/players HTTP/1.1\" 400 - \"-\" \"PostmanRuntime/7.26.8\"","timestamp":"2021-07-25T20:14:13.237Z","metadata":{}}
{"level":"info","message":"::1 - admin [25/Jul/2021:20:16:13 +0000] \"POST /v1/players HTTP/1.1\" 400 - \"-\" \"PostmanRuntime/7.26.8\"","timestamp":"2021-07-25T20:16:13.695Z","metadata":{}}
