{"level":"info","message":"::1 - admin [07/Aug/2021:08:32:51 +0000] \"POST /v1/players HTTP/1.1\" 201 284 \"-\" \"PostmanRuntime/7.26.8\"","timestamp":"2021-08-07T08:32:51.836Z","metadata":{}}
{"level":"info","message":"::1 - admin [07/Aug/2021:08:33:27 +0000] \"POST /v1/players HTTP/1.1\" 201 281 \"-\" \"PostmanRuntime/7.26.8\"","timestamp":"2021-08-07T08:33:27.574Z","metadata":{}}
{"level":"info","message":"::1 - - [07/Aug/2021:08:49:16 +0000] \"GET /v1/players?query={%22firstName%22:{%22$regex%22:%22/bo$/%22}} HTTP/1.1\" 304 - \"-\" \"Mozilla/5.0 (Macintosh; Intel Mac OS X 10_15_7) AppleWebKit/537.36 (KHTML, like Gecko) Chrome/92.0.4515.115 Safari/537.36\"","timestamp":"2021-08-07T08:49:16.391Z","metadata":{}}
{"level":"info","message":"::1 - - [07/Aug/2021:08:49:17 +0000] \"GET /favicon.ico HTTP/1.1\" 404 - \"-\" \"Mozilla/5.0 (Macintosh; Intel Mac OS X 10_15_7) AppleWebKit/537.36 (KHTML, like Gecko) Chrome/92.0.4515.115 Safari/537.36\"","timestamp":"2021-08-07T08:49:17.972Z","metadata":{}}
{"level":"info","message":"::1 - - [07/Aug/2021:08:50:13 +0000] \"GET /v1/players?query={%22firstName%22:{%22$regex%22:%22/bo$/%22}} HTTP/1.1\" 304 - \"-\" \"Mozilla/5.0 (Macintosh; Intel Mac OS X 10_15_7) AppleWebKit/537.36 (KHTML, like Gecko) Chrome/92.0.4515.115 Safari/537.36\"","timestamp":"2021-08-07T08:50:13.589Z","metadata":{}}
{"level":"info","message":"::1 - - [07/Aug/2021:08:50:38 +0000] \"GET /v1/players?query={%22firstName%22:{%22$regex%22:%22/Mu$/%22}} HTTP/1.1\" 200 85 \"-\" \"Mozilla/5.0 (Macintosh; Intel Mac OS X 10_15_7) AppleWebKit/537.36 (KHTML, like Gecko) Chrome/92.0.4515.115 Safari/537.36\"","timestamp":"2021-08-07T08:50:38.306Z","metadata":{}}
{"level":"info","message":"::1 - - [07/Aug/2021:08:50:44 +0000] \"GET /v1/players?query={%22firstName%22:{%22$regex%22:%22/Mu/%22}} HTTP/1.1\" 200 85 \"-\" \"Mozilla/5.0 (Macintosh; Intel Mac OS X 10_15_7) AppleWebKit/537.36 (KHTML, like Gecko) Chrome/92.0.4515.115 Safari/537.36\"","timestamp":"2021-08-07T08:50:44.423Z","metadata":{}}
{"level":"info","message":"::1 - - [07/Aug/2021:08:50:49 +0000] \"GET /v1/players?query={%22firstName%22:{%22$regex%22:%22/mu/%22}} HTTP/1.1\" 200 85 \"-\" \"Mozilla/5.0 (Macintosh; Intel Mac OS X 10_15_7) AppleWebKit/537.36 (KHTML, like Gecko) Chrome/92.0.4515.115 Safari/537.36\"","timestamp":"2021-08-07T08:50:49.407Z","metadata":{}}
{"level":"info","message":"::1 - - [07/Aug/2021:08:54:03 +0000] \"GET /v1/players?query={%22firstName%22:{%22$regex%22:%22/mu$/%22}} HTTP/1.1\" 200 85 \"-\" \"Mozilla/5.0 (Macintosh; Intel Mac OS X 10_15_7) AppleWebKit/537.36 (KHTML, like Gecko) Chrome/92.0.4515.115 Safari/537.36\"","timestamp":"2021-08-07T08:54:03.596Z","metadata":{}}
{"level":"info","message":"::1 - - [07/Aug/2021:08:54:11 +0000] \"GET /v1/players?query={%22firstName%22:{%22$regex%22:%22/Mu$/%22}} HTTP/1.1\" 304 - \"-\" \"Mozilla/5.0 (Macintosh; Intel Mac OS X 10_15_7) AppleWebKit/537.36 (KHTML, like Gecko) Chrome/92.0.4515.115 Safari/537.36\"","timestamp":"2021-08-07T08:54:11.824Z","metadata":{}}
{"level":"info","message":"::1 - - [07/Aug/2021:08:54:15 +0000] \"GET /v1/players?query={%22firstName%22:{%22$regex%22:%22/Mu/%22}} HTTP/1.1\" 304 - \"-\" \"Mozilla/5.0 (Macintosh; Intel Mac OS X 10_15_7) AppleWebKit/537.36 (KHTML, like Gecko) Chrome/92.0.4515.115 Safari/537.36\"","timestamp":"2021-08-07T08:54:16.000Z","metadata":{}}
{"level":"info","message":"::1 - - [07/Aug/2021:08:54:34 +0000] \"GET /v1/players?query={%22firstName%22:{%22$regex%22:%22/Mu/i%22}} HTTP/1.1\" 200 85 \"-\" \"Mozilla/5.0 (Macintosh; Intel Mac OS X 10_15_7) AppleWebKit/537.36 (KHTML, like Gecko) Chrome/92.0.4515.115 Safari/537.36\"","timestamp":"2021-08-07T08:54:34.002Z","metadata":{}}
{"level":"info","message":"::1 - - [07/Aug/2021:08:54:42 +0000] \"GET /v1/players?query={%22firstName%22:{%22$regex%22:%22/mu$/i%22}} HTTP/1.1\" 200 85 \"-\" \"Mozilla/5.0 (Macintosh; Intel Mac OS X 10_15_7) AppleWebKit/537.36 (KHTML, like Gecko) Chrome/92.0.4515.115 Safari/537.36\"","timestamp":"2021-08-07T08:54:42.836Z","metadata":{}}
{"level":"info","message":"::1 - - [07/Aug/2021:08:56:20 +0000] \"GET /v1/players?query={%22firstName%22:{%22$regex%22:%22/mu/i%22}} HTTP/1.1\" 200 85 \"-\" \"Mozilla/5.0 (Macintosh; Intel Mac OS X 10_15_7) AppleWebKit/537.36 (KHTML, like Gecko) Chrome/92.0.4515.115 Safari/537.36\"","timestamp":"2021-08-07T08:56:20.928Z","metadata":{}}
{"level":"info","message":"::1 - - [07/Aug/2021:08:59:56 +0000] \"GET /v1/players?query={%221%22:{%22$regex%22:%22/mu/i%22}} HTTP/1.1\" 200 85 \"-\" \"Mozilla/5.0 (Macintosh; Intel Mac OS X 10_15_7) AppleWebKit/537.36 (KHTML, like Gecko) Chrome/92.0.4515.115 Safari/537.36\"","timestamp":"2021-08-07T08:59:56.057Z","metadata":{}}
{"level":"info","message":"::1 - - [07/Aug/2021:09:00:02 +0000] \"GET /v1/players?query={%22q%22:{%22$regex%22:%22/mu/i%22}} HTTP/1.1\" 200 651 \"-\" \"Mozilla/5.0 (Macintosh; Intel Mac OS X 10_15_7) AppleWebKit/537.36 (KHTML, like Gecko) Chrome/92.0.4515.115 Safari/537.36\"","timestamp":"2021-08-07T09:00:02.054Z","metadata":{}}
{"level":"info","message":"::1 - - [07/Aug/2021:09:00:21 +0000] \"GET /v1/players?query={%22q%22:{%22$regex%22:%22/chama/i%22}} HTTP/1.1\" 200 651 \"-\" \"Mozilla/5.0 (Macintosh; Intel Mac OS X 10_15_7) AppleWebKit/537.36 (KHTML, like Gecko) Chrome/92.0.4515.115 Safari/537.36\"","timestamp":"2021-08-07T09:00:21.412Z","metadata":{}}
{"level":"info","message":"::1 - - [07/Aug/2021:09:00:30 +0000] \"GET /v1/players?query={%22q%22:{%22$regex%22:%22/mukoko/i%22}} HTTP/1.1\" 200 651 \"-\" \"Mozilla/5.0 (Macintosh; Intel Mac OS X 10_15_7) AppleWebKit/537.36 (KHTML, like Gecko) Chrome/92.0.4515.115 Safari/537.36\"","timestamp":"2021-08-07T09:00:30.570Z","metadata":{}}
{"level":"info","message":"::1 - admin [07/Aug/2021:09:01:09 +0000] \"POST /v1/players HTTP/1.1\" 201 284 \"-\" \"PostmanRuntime/7.26.8\"","timestamp":"2021-08-07T09:01:09.728Z","metadata":{}}
{"level":"info","message":"::1 - - [07/Aug/2021:09:01:13 +0000] \"GET /v1/players?query={%22q%22:{%22$regex%22:%22/mukoko/i%22}} HTTP/1.1\" 200 936 \"-\" \"Mozilla/5.0 (Macintosh; Intel Mac OS X 10_15_7) AppleWebKit/537.36 (KHTML, like Gecko) Chrome/92.0.4515.115 Safari/537.36\"","timestamp":"2021-08-07T09:01:13.908Z","metadata":{}}
{"level":"info","message":"::1 - - [07/Aug/2021:09:01:41 +0000] \"GET /v1/players?query={%22q%22:{%22firstName%22:%22/rich/i%22}} HTTP/1.1\" 200 936 \"-\" \"Mozilla/5.0 (Macintosh; Intel Mac OS X 10_15_7) AppleWebKit/537.36 (KHTML, like Gecko) Chrome/92.0.4515.115 Safari/537.36\"","timestamp":"2021-08-07T09:01:41.064Z","metadata":{}}
{"level":"info","message":"::1 - - [07/Aug/2021:09:02:07 +0000] \"GET /v1/players?filter[name]={%22$regex%22:%22/Bo$/%22} HTTP/1.1\" 200 85 \"-\" \"Mozilla/5.0 (Macintosh; Intel Mac OS X 10_15_7) AppleWebKit/537.36 (KHTML, like Gecko) Chrome/92.0.4515.115 Safari/537.36\"","timestamp":"2021-08-07T09:02:07.001Z","metadata":{}}
{"level":"info","message":"::1 - - [07/Aug/2021:09:02:15 +0000] \"GET /v1/players?filter[firstName]={%22$regex%22:%22/Bo$/%22} HTTP/1.1\" 200 85 \"-\" \"Mozilla/5.0 (Macintosh; Intel Mac OS X 10_15_7) AppleWebKit/537.36 (KHTML, like Gecko) Chrome/92.0.4515.115 Safari/537.36\"","timestamp":"2021-08-07T09:02:15.209Z","metadata":{}}
{"level":"info","message":"::1 - - [07/Aug/2021:09:02:29 +0000] \"GET /v1/players?filter[firstName]={%22$regex%22:%22/Rich/i%22} HTTP/1.1\" 200 85 \"-\" \"Mozilla/5.0 (Macintosh; Intel Mac OS X 10_15_7) AppleWebKit/537.36 (KHTML, like Gecko) Chrome/92.0.4515.115 Safari/537.36\"","timestamp":"2021-08-07T09:02:29.168Z","metadata":{}}
{"level":"info","message":"::1 - - [07/Aug/2021:09:02:44 +0000] \"GET /v1/players?filter[firstName]={%22$regex%22:%22\\%22/Rich/\\i%22} HTTP/1.1\" 200 85 \"-\" \"Mozilla/5.0 (Macintosh; Intel Mac OS X 10_15_7) AppleWebKit/537.36 (KHTML, like Gecko) Chrome/92.0.4515.115 Safari/537.36\"","timestamp":"2021-08-07T09:02:44.726Z","metadata":{}}
{"level":"info","message":"::1 - - [07/Aug/2021:09:03:11 +0000] \"GET /v1/players?filter[firstName]={%22$regex%22:%22\\%22/Rich/i\\%22} HTTP/1.1\" 200 85 \"-\" \"Mozilla/5.0 (Macintosh; Intel Mac OS X 10_15_7) AppleWebKit/537.36 (KHTML, like Gecko) Chrome/92.0.4515.115 Safari/537.36\"","timestamp":"2021-08-07T09:03:11.053Z","metadata":{}}
{"level":"info","message":"::1 - - [07/Aug/2021:09:03:36 +0000] \"GET /v1/players?filter[firstName]={%22$regex%22:%22/mu/i%22} HTTP/1.1\" 200 85 \"-\" \"Mozilla/5.0 (Macintosh; Intel Mac OS X 10_15_7) AppleWebKit/537.36 (KHTML, like Gecko) Chrome/92.0.4515.115 Safari/537.36\"","timestamp":"2021-08-07T09:03:36.867Z","metadata":{}}
{"level":"info","message":"::1 - admin [07/Aug/2021:09:04:54 +0000] \"POST /v1/players HTTP/1.1\" 201 266 \"-\" \"PostmanRuntime/7.26.8\"","timestamp":"2021-08-07T09:04:54.433Z","metadata":{}}
{"level":"info","message":"::1 - - [07/Aug/2021:09:05:24 +0000] \"GET /v1/players?filter[name]={%22$regex%22:%22/mu/i%22} HTTP/1.1\" 200 85 \"-\" \"Mozilla/5.0 (Macintosh; Intel Mac OS X 10_15_7) AppleWebKit/537.36 (KHTML, like Gecko) Chrome/92.0.4515.115 Safari/537.36\"","timestamp":"2021-08-07T09:05:24.029Z","metadata":{}}
{"level":"info","message":"::1 - - [07/Aug/2021:09:05:33 +0000] \"GET /v1/players?filter[name]={%22$regex%22:%22/rich/i%22} HTTP/1.1\" 200 85 \"-\" \"Mozilla/5.0 (Macintosh; Intel Mac OS X 10_15_7) AppleWebKit/537.36 (KHTML, like Gecko) Chrome/92.0.4515.115 Safari/537.36\"","timestamp":"2021-08-07T09:05:33.777Z","metadata":{}}
{"level":"info","message":"::1 - - [07/Aug/2021:09:06:15 +0000] \"GET /v1/players?filter[name]={%22$regex%22:%22/rich$/i%22} HTTP/1.1\" 200 85 \"-\" \"Mozilla/5.0 (Macintosh; Intel Mac OS X 10_15_7) AppleWebKit/537.36 (KHTML, like Gecko) Chrome/92.0.4515.115 Safari/537.36\"","timestamp":"2021-08-07T09:06:15.176Z","metadata":{}}
{"level":"info","message":"::1 - - [07/Aug/2021:09:06:21 +0000] \"GET /v1/players?filter[name]={%22$regex%22:%22/rich$/%22} HTTP/1.1\" 200 85 \"-\" \"Mozilla/5.0 (Macintosh; Intel Mac OS X 10_15_7) AppleWebKit/537.36 (KHTML, like Gecko) Chrome/92.0.4515.115 Safari/537.36\"","timestamp":"2021-08-07T09:06:21.890Z","metadata":{}}
{"level":"info","message":"::1 - - [07/Aug/2021:09:06:28 +0000] \"GET /v1/players?filter[name]={%22$regex%22:%22/Rich$/%22} HTTP/1.1\" 200 85 \"-\" \"Mozilla/5.0 (Macintosh; Intel Mac OS X 10_15_7) AppleWebKit/537.36 (KHTML, like Gecko) Chrome/92.0.4515.115 Safari/537.36\"","timestamp":"2021-08-07T09:06:28.170Z","metadata":{}}
{"level":"info","message":"::1 - - [07/Aug/2021:09:06:34 +0000] \"GET /v1/players?filter[name]={%22$regex%22:%22/Richie$/%22} HTTP/1.1\" 200 85 \"-\" \"Mozilla/5.0 (Macintosh; Intel Mac OS X 10_15_7) AppleWebKit/537.36 (KHTML, like Gecko) Chrome/92.0.4515.115 Safari/537.36\"","timestamp":"2021-08-07T09:06:34.360Z","metadata":{}}
{"level":"info","message":"::1 - - [07/Aug/2021:09:07:01 +0000] \"GET /v1/players?query={%22name%22:{%22$regex%22:%22/bo$/%22}} HTTP/1.1\" 200 85 \"-\" \"Mozilla/5.0 (Macintosh; Intel Mac OS X 10_15_7) AppleWebKit/537.36 (KHTML, like Gecko) Chrome/92.0.4515.115 Safari/537.36\"","timestamp":"2021-08-07T09:07:01.407Z","metadata":{}}
{"level":"info","message":"::1 - - [07/Aug/2021:09:07:14 +0000] \"GET /v1/players?query={%22name%22:{%22$regex%22:%22/Richie$/i%22}} HTTP/1.1\" 200 85 \"-\" \"Mozilla/5.0 (Macintosh; Intel Mac OS X 10_15_7) AppleWebKit/537.36 (KHTML, like Gecko) Chrome/92.0.4515.115 Safari/537.36\"","timestamp":"2021-08-07T09:07:14.275Z","metadata":{}}
{"level":"info","message":"::1 - - [07/Aug/2021:09:08:42 +0000] \"GET /v1/players?query={%22name%22:{%22$regex%22:%22/Richie$/i%22}} HTTP/1.1\" 304 - \"-\" \"Mozilla/5.0 (Macintosh; Intel Mac OS X 10_15_7) AppleWebKit/537.36 (KHTML, like Gecko) Chrome/92.0.4515.115 Safari/537.36\"","timestamp":"2021-08-07T09:08:42.359Z","metadata":{}}
{"level":"info","message":"::1 - - [07/Aug/2021:09:08:45 +0000] \"GET /v1/players?query={%22name%22:{%22$regex%22:%22/Richie$/i%22}} HTTP/1.1\" 304 - \"-\" \"Mozilla/5.0 (Macintosh; Intel Mac OS X 10_15_7) AppleWebKit/537.36 (KHTML, like Gecko) Chrome/92.0.4515.115 Safari/537.36\"","timestamp":"2021-08-07T09:08:45.354Z","metadata":{}}
{"level":"info","message":"::1 - - [07/Aug/2021:09:08:50 +0000] \"GET /v1/players?query={%22name%22:{%22$regex%22:%22/Richie/i%22}} HTTP/1.1\" 200 85 \"-\" \"Mozilla/5.0 (Macintosh; Intel Mac OS X 10_15_7) AppleWebKit/537.36 (KHTML, like Gecko) Chrome/92.0.4515.115 Safari/537.36\"","timestamp":"2021-08-07T09:08:50.833Z","metadata":{}}
{"level":"info","message":"::1 - admin [07/Aug/2021:09:09:46 +0000] \"POST /v1/players HTTP/1.1\" 201 266 \"-\" \"PostmanRuntime/7.26.8\"","timestamp":"2021-08-07T09:09:46.191Z","metadata":{}}
{"level":"info","message":"::1 - - [07/Aug/2021:09:09:53 +0000] \"GET /v1/players?query={%22name%22:{%22$regex%22:%22/Richie/i%22}} HTTP/1.1\" 304 - \"-\" \"Mozilla/5.0 (Macintosh; Intel Mac OS X 10_15_7) AppleWebKit/537.36 (KHTML, like Gecko) Chrome/92.0.4515.115 Safari/537.36\"","timestamp":"2021-08-07T09:09:53.282Z","metadata":{}}
{"level":"info","message":"::1 - - [07/Aug/2021:09:10:03 +0000] \"GET /v1/players?query={%22name%22:{%22$regex%22:%22/richie$/i%22}} HTTP/1.1\" 200 85 \"-\" \"Mozilla/5.0 (Macintosh; Intel Mac OS X 10_15_7) AppleWebKit/537.36 (KHTML, like Gecko) Chrome/92.0.4515.115 Safari/537.36\"","timestamp":"2021-08-07T09:10:03.431Z","metadata":{}}
{"level":"info","message":"::1 - - [07/Aug/2021:09:11:13 +0000] \"GET /v1/players?filter[age][$gt]=12 HTTP/1.1\" 200 351 \"-\" \"Mozilla/5.0 (Macintosh; Intel Mac OS X 10_15_7) AppleWebKit/537.36 (KHTML, like Gecko) Chrome/92.0.4515.115 Safari/537.36\"","timestamp":"2021-08-07T09:11:13.700Z","metadata":{}}
{"level":"info","message":"::1 - - [07/Aug/2021:09:12:21 +0000] \"GET /v1/players?filter[position]=%22GOALKEEPER%22 HTTP/1.1\" 200 85 \"-\" \"Mozilla/5.0 (Macintosh; Intel Mac OS X 10_15_7) AppleWebKit/537.36 (KHTML, like Gecko) Chrome/92.0.4515.115 Safari/537.36\"","timestamp":"2021-08-07T09:12:21.455Z","metadata":{}}
{"level":"info","message":"::1 - - [07/Aug/2021:09:12:31 +0000] \"GET /v1/players?filter[position]=GOALKEEPER HTTP/1.1\" 200 351 \"-\" \"Mozilla/5.0 (Macintosh; Intel Mac OS X 10_15_7) AppleWebKit/537.36 (KHTML, like Gecko) Chrome/92.0.4515.115 Safari/537.36\"","timestamp":"2021-08-07T09:12:31.668Z","metadata":{}}
{"level":"info","message":"::1 - - [07/Aug/2021:09:12:41 +0000] \"GET /v1/players?filter[position]=RIGHT%20BACK HTTP/1.1\" 200 85 \"-\" \"Mozilla/5.0 (Macintosh; Intel Mac OS X 10_15_7) AppleWebKit/537.36 (KHTML, like Gecko) Chrome/92.0.4515.115 Safari/537.36\"","timestamp":"2021-08-07T09:12:41.533Z","metadata":{}}
{"level":"info","message":"::1 - - [07/Aug/2021:09:12:59 +0000] \"GET /v1/players?filter[name]=%22Richard%20Aggrey%22 HTTP/1.1\" 200 85 \"-\" \"Mozilla/5.0 (Macintosh; Intel Mac OS X 10_15_7) AppleWebKit/537.36 (KHTML, like Gecko) Chrome/92.0.4515.115 Safari/537.36\"","timestamp":"2021-08-07T09:12:59.368Z","metadata":{}}
{"level":"info","message":"::1 - - [07/Aug/2021:09:13:12 +0000] \"GET /v1/players?filter[name]=%22Richard%22 HTTP/1.1\" 200 85 \"-\" \"Mozilla/5.0 (Macintosh; Intel Mac OS X 10_15_7) AppleWebKit/537.36 (KHTML, like Gecko) Chrome/92.0.4515.115 Safari/537.36\"","timestamp":"2021-08-07T09:13:12.130Z","metadata":{}}
{"level":"info","message":"::1 - - [07/Aug/2021:09:13:23 +0000] \"GET /v1/players?filter[name]=Richard HTTP/1.1\" 200 85 \"-\" \"Mozilla/5.0 (Macintosh; Intel Mac OS X 10_15_7) AppleWebKit/537.36 (KHTML, like Gecko) Chrome/92.0.4515.115 Safari/537.36\"","timestamp":"2021-08-07T09:13:23.682Z","metadata":{}}
{"level":"info","message":"::1 - - [07/Aug/2021:09:13:51 +0000] \"GET /v1/players?filter[name][$regex]=/Rich/i HTTP/1.1\" 200 85 \"-\" \"Mozilla/5.0 (Macintosh; Intel Mac OS X 10_15_7) AppleWebKit/537.36 (KHTML, like Gecko) Chrome/92.0.4515.115 Safari/537.36\"","timestamp":"2021-08-07T09:13:51.269Z","metadata":{}}
{"level":"info","message":"::1 - - [07/Aug/2021:11:11:08 +0000] \"GET /v1/players?filter[name][$regex]=/Rich/i HTTP/1.1\" 304 - \"-\" \"Mozilla/5.0 (Macintosh; Intel Mac OS X 10_15_7) AppleWebKit/537.36 (KHTML, like Gecko) Chrome/92.0.4515.115 Safari/537.36\"","timestamp":"2021-08-07T11:11:08.947Z","metadata":{}}
{"level":"info","message":"::1 - - [07/Aug/2021:11:11:18 +0000] \"GET /v1/players?query={%22firstName%22:{%22$regex%22:%22/bo$/%22}} HTTP/1.1\" 304 - \"-\" \"Mozilla/5.0 (Macintosh; Intel Mac OS X 10_15_7) AppleWebKit/537.36 (KHTML, like Gecko) Chrome/92.0.4515.115 Safari/537.36\"","timestamp":"2021-08-07T11:11:18.232Z","metadata":{}}
{"level":"info","message":"::1 - - [07/Aug/2021:11:11:25 +0000] \"GET /v1/players?query={%22firstName%22:{%22$regex%22:%22/richie$/%22}} HTTP/1.1\" 200 85 \"-\" \"Mozilla/5.0 (Macintosh; Intel Mac OS X 10_15_7) AppleWebKit/537.36 (KHTML, like Gecko) Chrome/92.0.4515.115 Safari/537.36\"","timestamp":"2021-08-07T11:11:25.001Z","metadata":{}}
{"level":"info","message":"::1 - - [07/Aug/2021:11:13:31 +0000] \"GET /v1/players?query={%22firstName%22:{%22$regex%22:%22/richie$/%22}} HTTP/1.1\" 304 - \"-\" \"Mozilla/5.0 (Macintosh; Intel Mac OS X 10_15_7) AppleWebKit/537.36 (KHTML, like Gecko) Chrome/92.0.4515.115 Safari/537.36\"","timestamp":"2021-08-07T11:13:31.994Z","metadata":{}}
{"level":"info","message":"::1 - - [07/Aug/2021:11:15:45 +0000] \"GET /v1/players HTTP/1.1\" 200 - \"-\" \"Mozilla/5.0 (Macintosh; Intel Mac OS X 10_15_7) AppleWebKit/537.36 (KHTML, like Gecko) Chrome/92.0.4515.115 Safari/537.36\"","timestamp":"2021-08-07T11:15:45.446Z","metadata":{}}
{"level":"info","message":"::1 - - [07/Aug/2021:11:18:05 +0000] \"GET /v1/players?query={%22firstName%22:{%22$regex%22:/richie$/}} HTTP/1.1\" 200 85 \"-\" \"Mozilla/5.0 (Macintosh; Intel Mac OS X 10_15_7) AppleWebKit/537.36 (KHTML, like Gecko) Chrome/92.0.4515.115 Safari/537.36\"","timestamp":"2021-08-07T11:18:05.855Z","metadata":{}}
{"level":"info","message":"::1 - - [07/Aug/2021:11:18:45 +0000] \"GET /v1/players?query={%22firstName%22:{$regex:/richie$/}} HTTP/1.1\" 200 85 \"-\" \"Mozilla/5.0 (Macintosh; Intel Mac OS X 10_15_7) AppleWebKit/537.36 (KHTML, like Gecko) Chrome/92.0.4515.115 Safari/537.36\"","timestamp":"2021-08-07T11:18:45.685Z","metadata":{}}
{"level":"info","message":"::1 - - [07/Aug/2021:11:19:07 +0000] \"GET /v1/players?query={%22firstName%22:{%22$regex%22:/richie/}} HTTP/1.1\" 200 85 \"-\" \"Mozilla/5.0 (Macintosh; Intel Mac OS X 10_15_7) AppleWebKit/537.36 (KHTML, like Gecko) Chrome/92.0.4515.115 Safari/537.36\"","timestamp":"2021-08-07T11:19:07.529Z","metadata":{}}
{"level":"info","message":"::1 - - [07/Aug/2021:11:20:59 +0000] \"GET /v1/players?filter[firstName][$regex]=%22/Richie$/%22 HTTP/1.1\" 200 85 \"-\" \"Mozilla/5.0 (Macintosh; Intel Mac OS X 10_15_7) AppleWebKit/537.36 (KHTML, like Gecko) Chrome/92.0.4515.115 Safari/537.36\"","timestamp":"2021-08-07T11:20:59.644Z","metadata":{}}
{"level":"info","message":"::1 - admin [07/Aug/2021:11:22:46 +0000] \"GET /v1/players?query={%22firstName%22:{%22$regex%22:%22/Richie$/%22}} HTTP/1.1\" 200 85 \"-\" \"PostmanRuntime/7.26.8\"","timestamp":"2021-08-07T11:22:46.506Z","metadata":{}}
{"level":"info","message":"::1 - admin [07/Aug/2021:11:22:57 +0000] \"GET /v1/players?query={%22firstName%22:{%22$regex%22:%22/Richie$/i%22}} HTTP/1.1\" 200 85 \"-\" \"PostmanRuntime/7.26.8\"","timestamp":"2021-08-07T11:22:57.204Z","metadata":{}}
{"level":"info","message":"::1 - admin [07/Aug/2021:16:15:00 +0000] \"POST /v1/players HTTP/1.1\" 400 - \"-\" \"PostmanRuntime/7.26.8\"","timestamp":"2021-08-07T16:15:00.670Z","metadata":{}}
{"level":"info","message":"::1 - admin [07/Aug/2021:16:16:22 +0000] \"POST /v1/players HTTP/1.1\" 201 285 \"-\" \"PostmanRuntime/7.26.8\"","timestamp":"2021-08-07T16:16:22.555Z","metadata":{}}
{"level":"info","message":"::1 - admin [07/Aug/2021:16:48:21 +0000] \"POST /v1/players HTTP/1.1\" 500 - \"-\" \"PostmanRuntime/7.26.8\"","timestamp":"2021-08-07T16:48:21.662Z","metadata":{}}
{"level":"info","message":"::1 - admin [07/Aug/2021:16:49:03 +0000] \"POST /v1/players HTTP/1.1\" 500 - \"-\" \"PostmanRuntime/7.26.8\"","timestamp":"2021-08-07T16:49:03.358Z","metadata":{}}
{"level":"info","message":"::1 - admin [07/Aug/2021:16:50:16 +0000] \"POST /v1/players HTTP/1.1\" 500 - \"-\" \"PostmanRuntime/7.26.8\"","timestamp":"2021-08-07T16:50:16.839Z","metadata":{}}
{"level":"info","message":"::1 - admin [07/Aug/2021:16:51:46 +0000] \"POST /v1/players HTTP/1.1\" 500 - \"-\" \"PostmanRuntime/7.26.8\"","timestamp":"2021-08-07T16:51:46.212Z","metadata":{}}
{"level":"info","message":"::1 - admin [07/Aug/2021:16:55:09 +0000] \"POST /v1/players HTTP/1.1\" 500 - \"-\" \"PostmanRuntime/7.26.8\"","timestamp":"2021-08-07T16:55:09.475Z","metadata":{}}
{"level":"info","message":"::1 - admin [07/Aug/2021:16:59:11 +0000] \"POST /v1/players HTTP/1.1\" 400 467 \"-\" \"PostmanRuntime/7.26.8\"","timestamp":"2021-08-07T16:59:11.938Z","metadata":{}}
{"level":"info","message":"::1 - admin [07/Aug/2021:17:00:47 +0000] \"POST /v1/players HTTP/1.1\" 201 343 \"-\" \"PostmanRuntime/7.26.8\"","timestamp":"2021-08-07T17:00:47.102Z","metadata":{}}
{"level":"info","message":"::1 - admin [07/Aug/2021:17:02:58 +0000] \"POST /v1/players HTTP/1.1\" 201 342 \"-\" \"PostmanRuntime/7.26.8\"","timestamp":"2021-08-07T17:02:58.307Z","metadata":{}}
{"level":"info","message":"::1 - admin [07/Aug/2021:17:03:48 +0000] \"POST /v1/players HTTP/1.1\" 201 342 \"-\" \"PostmanRuntime/7.26.8\"","timestamp":"2021-08-07T17:03:48.206Z","metadata":{}}
{"level":"info","message":"::1 - admin [07/Aug/2021:17:04:43 +0000] \"POST /v1/players HTTP/1.1\" 201 338 \"-\" \"PostmanRuntime/7.26.8\"","timestamp":"2021-08-07T17:04:43.925Z","metadata":{}}
{"level":"info","message":"::1 - admin [07/Aug/2021:17:08:23 +0000] \"POST /v1/players HTTP/1.1\" 201 340 \"-\" \"PostmanRuntime/7.26.8\"","timestamp":"2021-08-07T17:08:23.416Z","metadata":{}}
