{"level":"info","message":"::1 - admin [26/Jul/2021:01:38:27 +0000] \"POST /v1/players HTTP/1.1\" 400 - \"-\" \"PostmanRuntime/7.26.8\"","timestamp":"2021-07-26T01:38:27.676Z","metadata":{}}
{"level":"info","message":"::1 - admin [26/Jul/2021:01:39:24 +0000] \"POST /v1/players HTTP/1.1\" 400 - \"-\" \"PostmanRuntime/7.26.8\"","timestamp":"2021-07-26T01:39:24.864Z","metadata":{}}
{"level":"info","message":"::1 - admin [26/Jul/2021:01:39:32 +0000] \"POST /v1/players HTTP/1.1\" 400 - \"-\" \"PostmanRuntime/7.26.8\"","timestamp":"2021-07-26T01:39:32.218Z","metadata":{}}
{"level":"info","message":"::1 - admin [26/Jul/2021:01:40:27 +0000] \"POST /v1/players HTTP/1.1\" 400 - \"-\" \"PostmanRuntime/7.26.8\"","timestamp":"2021-07-26T01:40:27.681Z","metadata":{}}
{"level":"info","message":"::1 - admin [26/Jul/2021:01:40:52 +0000] \"POST /v1/players HTTP/1.1\" 201 275 \"-\" \"PostmanRuntime/7.26.8\"","timestamp":"2021-07-26T01:40:52.787Z","metadata":{}}
{"level":"info","message":"::1 - admin [26/Jul/2021:01:49:53 +0000] \"POST /v1/players HTTP/1.1\" 201 277 \"-\" \"PostmanRuntime/7.26.8\"","timestamp":"2021-07-26T01:49:53.333Z","metadata":{}}
{"level":"info","message":"::1 - admin [26/Jul/2021:01:53:55 +0000] \"POST /v1/players HTTP/1.1\" 201 277 \"-\" \"PostmanRuntime/7.26.8\"","timestamp":"2021-07-26T01:53:55.792Z","metadata":{}}
{"level":"info","message":"::1 - admin [26/Jul/2021:01:55:47 +0000] \"POST /v1/players HTTP/1.1\" 201 277 \"-\" \"PostmanRuntime/7.26.8\"","timestamp":"2021-07-26T01:55:47.180Z","metadata":{}}
{"level":"info","message":"::1 - admin [26/Jul/2021:01:56:10 +0000] \"POST /v1/players HTTP/1.1\" 201 273 \"-\" \"PostmanRuntime/7.26.8\"","timestamp":"2021-07-26T01:56:10.699Z","metadata":{}}
{"level":"info","message":"::1 - admin [26/Jul/2021:01:56:19 +0000] \"POST /v1/players HTTP/1.1\" 201 275 \"-\" \"PostmanRuntime/7.26.8\"","timestamp":"2021-07-26T01:56:19.232Z","metadata":{}}
{"level":"info","message":"::1 - admin [26/Jul/2021:01:57:00 +0000] \"POST /v1/players HTTP/1.1\" 201 275 \"-\" \"PostmanRuntime/7.26.8\"","timestamp":"2021-07-26T01:57:01.005Z","metadata":{}}
{"level":"info","message":"::1 - admin [26/Jul/2021:01:57:04 +0000] \"POST /v1/players HTTP/1.1\" 201 275 \"-\" \"PostmanRuntime/7.26.8\"","timestamp":"2021-07-26T01:57:04.384Z","metadata":{}}
{"level":"info","message":"::1 - admin [26/Jul/2021:02:06:02 +0000] \"POST /v1/players HTTP/1.1\" 201 73 \"-\" \"PostmanRuntime/7.26.8\"","timestamp":"2021-07-26T02:06:02.242Z","metadata":{}}
{"level":"info","message":"::1 - admin [26/Jul/2021:02:06:54 +0000] \"POST /v1/players HTTP/1.1\" 201 275 \"-\" \"PostmanRuntime/7.26.8\"","timestamp":"2021-07-26T02:06:54.750Z","metadata":{}}
{"level":"info","message":"::1 - admin [26/Jul/2021:02:07:27 +0000] \"POST /v1/players HTTP/1.1\" 201 273 \"-\" \"PostmanRuntime/7.26.8\"","timestamp":"2021-07-26T02:07:27.964Z","metadata":{}}
{"level":"info","message":"::1 - admin [26/Jul/2021:02:10:49 +0000] \"POST /v1/players HTTP/1.1\" 201 273 \"-\" \"PostmanRuntime/7.26.8\"","timestamp":"2021-07-26T02:10:49.639Z","metadata":{}}
{"level":"info","message":"::1 - admin [26/Jul/2021:02:15:29 +0000] \"POST /v1/players HTTP/1.1\" 201 273 \"-\" \"PostmanRuntime/7.26.8\"","timestamp":"2021-07-26T02:15:29.093Z","metadata":{}}
{"level":"info","message":"::1 - admin [26/Jul/2021:02:16:30 +0000] \"POST /v1/players HTTP/1.1\" 400 - \"-\" \"PostmanRuntime/7.26.8\"","timestamp":"2021-07-26T02:16:30.164Z","metadata":{}}
{"level":"info","message":"::1 - admin [26/Jul/2021:02:16:51 +0000] \"POST /v1/players HTTP/1.1\" 201 273 \"-\" \"PostmanRuntime/7.26.8\"","timestamp":"2021-07-26T02:16:51.154Z","metadata":{}}
{"level":"info","message":"::1 - - [26/Jul/2021:02:42:54 +0000] \"GET /v1/guardians/schemas HTTP/1.1\" 200 85 \"-\" \"Mozilla/5.0 (Macintosh; Intel Mac OS X 10_15_7) AppleWebKit/537.36 (KHTML, like Gecko) Chrome/91.0.4472.164 Safari/537.36\"","timestamp":"2021-07-26T02:42:54.540Z","metadata":{}}
{"level":"info","message":"::1 - - [26/Jul/2021:02:44:00 +0000] \"GET /v1/players/schemas HTTP/1.1\" 200 632 \"-\" \"Mozilla/5.0 (Macintosh; Intel Mac OS X 10_15_7) AppleWebKit/537.36 (KHTML, like Gecko) Chrome/91.0.4472.164 Safari/537.36\"","timestamp":"2021-07-26T02:44:00.842Z","metadata":{}}
{"level":"info","message":"::1 - - [26/Jul/2021:02:44:07 +0000] \"GET /v1/players/schema HTTP/1.1\" 304 - \"-\" \"Mozilla/5.0 (Macintosh; Intel Mac OS X 10_15_7) AppleWebKit/537.36 (KHTML, like Gecko) Chrome/91.0.4472.164 Safari/537.36\"","timestamp":"2021-07-26T02:44:07.237Z","metadata":{}}
{"level":"info","message":"::1 - - [26/Jul/2021:02:44:13 +0000] \"GET /v1/guardians/schema HTTP/1.1\" 200 578 \"-\" \"Mozilla/5.0 (Macintosh; Intel Mac OS X 10_15_7) AppleWebKit/537.36 (KHTML, like Gecko) Chrome/91.0.4472.164 Safari/537.36\"","timestamp":"2021-07-26T02:44:13.639Z","metadata":{}}
